2019-12-14T13:29:52.378Z - normal: Load ~/.CocosCreator/settings.json
2019-12-14T13:29:52.429Z - normal: Initializing Asset Database
2019-12-14T13:29:52.432Z - normal: checking language setting...
2019-12-14T13:29:52.432Z - normal: Language: zh
2019-12-14T13:29:52.996Z - success: preview server running at http://localhost:7456
2019-12-14T13:29:53.006Z - success: protocol editor-framework registered
2019-12-14T13:29:53.006Z - success: protocol app registered
2019-12-14T13:29:53.006Z - success: protocol theme registered
2019-12-14T13:29:53.007Z - success: protocol packages registered
2019-12-14T13:29:53.007Z - success: protocol uuid registerred
2019-12-14T13:29:53.007Z - success: protocol db registerred
2019-12-14T13:29:53.007Z - success: protocol thumbnail registerred
2019-12-14T13:29:53.007Z - success: protocol unpack registerred
2019-12-14T13:29:53.007Z - success: protocol disable-commonjs registerred
2019-12-14T13:29:53.160Z - normal: connected!
2019-12-14T13:29:53.161Z - normal: Check project /Users/chenfarong/gspublisher
2019-12-14T13:29:53.162Z - normal: Initializing project /Users/chenfarong/gspublisher
2019-12-14T13:29:53.186Z - success: adapters loaded
2019-12-14T13:29:53.191Z - success: asset-db-debugger loaded
2019-12-14T13:29:53.283Z - success: fb-audience-network loaded
2019-12-14T13:29:53.318Z - success: fb-live-stream loaded
2019-12-14T13:29:53.320Z - success: google-play-instant loaded
2019-12-14T13:29:53.325Z - success: huawei-runtime loaded
2019-12-14T13:29:53.326Z - success: jkw-adapter loaded
2019-12-14T13:29:53.327Z - success: jsb-adapter loaded
2019-12-14T13:29:53.331Z - success: oppo-runtime loaded
2019-12-14T13:29:53.336Z - success: package-manager loaded
2019-12-14T13:29:53.339Z - success: runtime-dev-tools loaded
2019-12-14T13:29:53.345Z - success: sdkbox loaded
2019-12-14T13:29:53.349Z - success: ui-kit-preview-extra loaded
2019-12-14T13:29:53.353Z - success: ui-kit-preview loaded
2019-12-14T13:29:53.358Z - success: vivo-runtime loaded
2019-12-14T13:29:53.360Z - success: alipay-minigame loaded
2019-12-14T13:29:53.408Z - success: assets loaded
2019-12-14T13:29:53.412Z - success: baidugame-opendata loaded
2019-12-14T13:29:53.416Z - success: baidugame loaded
2019-12-14T13:29:53.422Z - success: builder loaded
2019-12-14T13:29:53.587Z - success: cocos-services loaded
2019-12-14T13:29:53.592Z - success: console loaded
2019-12-14T13:29:53.602Z - success: fb-instant-games loaded
2019-12-14T13:29:53.606Z - success: game-window loaded
2019-12-14T13:29:53.607Z - success: google-instant-games loaded
2019-12-14T13:29:53.612Z - success: hierarchy loaded
2019-12-14T13:29:53.616Z - success: inspector loaded
2019-12-14T13:29:53.956Z - success: cpk-publish loaded
2019-12-14T13:29:53.961Z - success: keystore loaded
2019-12-14T13:29:53.969Z - success: node-library loaded
2019-12-14T13:29:53.973Z - success: open-recent-items loaded
2019-12-14T13:29:53.980Z - success: package-asset loaded
2019-12-14T13:29:53.982Z - success: preferences loaded
2019-12-14T13:29:53.985Z - success: project-exporter loaded
2019-12-14T13:29:53.990Z - success: project-importer loaded
2019-12-14T13:29:53.994Z - success: project-settings loaded
2019-12-14T13:29:53.999Z - success: scene loaded
2019-12-14T13:29:54.000Z - success: simulator-debugger loaded
2019-12-14T13:29:54.001Z - success: sprite-editor loaded
2019-12-14T13:29:54.006Z - success: store loaded
2019-12-14T13:29:54.012Z - success: timeline loaded
2019-12-14T13:29:54.016Z - success: wechatgame-opendata loaded
2019-12-14T13:29:54.021Z - success: wechatgame loaded
2019-12-14T13:29:54.024Z - success: xiaomi-runtime loaded
2019-12-14T13:29:54.907Z - normal: Initializing Cocos2d
2019-12-14T13:29:55.283Z - normal: Initializing engine extends
2019-12-14T13:29:55.935Z - normal: Loading packages
2019-12-14T13:29:55.941Z - normal: Watching packages
2019-12-14T13:29:55.989Z - info: Cocos Service load base data!
2019-12-14T13:29:56.023Z - normal: Run Application
2019-12-14T13:29:59.073Z - warn: The type of "main.NetReady" must be cc.Boolean, not Boolean.
2019-12-14T13:30:08.129Z - info: shutdown preview server
